<?xml version="1.0" encoding="UTF-8"?>
<!-- Generated by org.testng.reporters.JUnitReportReporter -->
<testsuite skipped="0" hostname="agilepc-64" name="testcasesrepository.TestAutoComplete" tests="1" failures="0" timestamp="2021-08-25T12:26:19 IST" time="26.321" errors="0">
  <testcase name="scrollTest" time="26.321" classname="testcasesrepository.TestAutoComplete"/>
  <system-out/>
</testsuite> <!-- testcasesrepository.TestAutoComplete -->
